201
201
201
201

/home/martijn/GitHub/dev-zero/modules/commithook.js:23
		  		var sentSecret = req.headers['x-hub-signature'].substr(5);
		  		                                                ^
TypeError: Cannot call method 'substr' of undefined
    at IncomingMessage.<anonymous> (/home/martijn/GitHub/dev-zero/modules/commithook.js:23:55)
    at IncomingMessage.EventEmitter.emit (events.js:92:17)
    at _stream_readable.js:920:16
    at process._tickCallback (node.js:415:13)

/home/martijn/GitHub/dev-zero/modules/commithook.js:23
		  		var sentSecret = req.headers['x-hub-signature'].substr(5);
		  		                                                ^
TypeError: Cannot call method 'substr' of undefined
    at IncomingMessage.<anonymous> (/home/martijn/GitHub/dev-zero/modules/commithook.js:23:55)
    at IncomingMessage.EventEmitter.emit (events.js:92:17)
    at _stream_readable.js:920:16
    at process._tickCallback (node.js:415:13)

/home/martijn/GitHub/dev-zero/modules/commithook.js:23
		  		var sentSecret = req.headers['x-hub-signature'].substr(5);
		  		                                                ^
TypeError: Cannot call method 'substr' of undefined
    at IncomingMessage.<anonymous> (/home/martijn/GitHub/dev-zero/modules/commithook.js:23:55)
    at IncomingMessage.EventEmitter.emit (events.js:92:17)
    at _stream_readable.js:920:16
    at process._tickCallback (node.js:415:13)

/home/martijn/GitHub/dev-zero/modules/commithook.js:23
		  		var sentSecret = req.headers['x-hub-signature'].substr(5);
		  		                                                ^
TypeError: Cannot call method 'substr' of undefined
    at IncomingMessage.<anonymous> (/home/martijn/GitHub/dev-zero/modules/commithook.js:23:55)
    at IncomingMessage.EventEmitter.emit (events.js:92:17)
    at _stream_readable.js:920:16
    at process._tickCallback (node.js:415:13)
error:  { prefix: 'irc.reening.nl',
  server: 'irc.reening.nl',
  command: 'err_nosuchnick',
  rawCommand: '401',
  commandType: 'error',
  args: [ 'dev-zero', 'NickServ', 'No such nick/channel' ] }
